{"name":"hexo","hostname":"wangwei-txxy","pid":22680,"level":20,"msg":"Hexo version: 3.4.3","time":"2020-04-01T07:15:55.528Z","v":0}
{"name":"hexo","hostname":"wangwei-txxy","pid":22680,"level":20,"msg":"Working directory: G:\\vavikast.github.io\\","time":"2020-04-01T07:15:55.529Z","v":0}
{"name":"hexo","hostname":"wangwei-txxy","pid":22680,"level":20,"msg":"Config loaded: G:\\vavikast.github.io\\_config.yml","time":"2020-04-01T07:15:55.856Z","v":0}
{"name":"hexo","hostname":"wangwei-txxy","pid":22680,"level":20,"msg":"Plugin loaded: hexo-deployer-git","time":"2020-04-01T07:15:55.930Z","v":0}
{"name":"hexo","hostname":"wangwei-txxy","pid":22680,"level":20,"msg":"Plugin loaded: hexo-generator-archive","time":"2020-04-01T07:15:55.938Z","v":0}
{"name":"hexo","hostname":"wangwei-txxy","pid":22680,"level":20,"msg":"Plugin loaded: hexo-generator-category","time":"2020-04-01T07:15:55.949Z","v":0}
{"name":"hexo","hostname":"wangwei-txxy","pid":22680,"level":20,"msg":"Plugin loaded: hexo-generator-index","time":"2020-04-01T07:15:55.953Z","v":0}
{"name":"hexo","hostname":"wangwei-txxy","pid":22680,"level":20,"msg":"Plugin loaded: hexo-generator-index-plus","time":"2020-04-01T07:15:55.965Z","v":0}
{"name":"hexo","hostname":"wangwei-txxy","pid":22680,"level":20,"msg":"Plugin loaded: hexo-generator-seo-friendly-sitemap","time":"2020-04-01T07:15:55.995Z","v":0}
{"name":"hexo","hostname":"wangwei-txxy","pid":22680,"level":20,"msg":"Plugin loaded: hexo-generator-tag","time":"2020-04-01T07:15:55.999Z","v":0}
{"name":"hexo","hostname":"wangwei-txxy","pid":22680,"level":20,"msg":"Plugin loaded: hexo-renderer-ejs","time":"2020-04-01T07:15:56.012Z","v":0}
{"name":"hexo","hostname":"wangwei-txxy","pid":22680,"level":20,"msg":"Plugin loaded: hexo-renderer-markdown-it","time":"2020-04-01T07:15:56.014Z","v":0}
{"name":"hexo","hostname":"wangwei-txxy","pid":22680,"level":20,"msg":"Plugin loaded: hexo-renderer-stylus","time":"2020-04-01T07:15:56.016Z","v":0}
{"name":"hexo","hostname":"wangwei-txxy","pid":22680,"level":20,"msg":"Plugin loaded: hexo-server","time":"2020-04-01T07:15:56.211Z","v":0}
{"name":"hexo","hostname":"wangwei-txxy","pid":22680,"level":20,"msg":"Plugin loaded: hexo-toc","time":"2020-04-01T07:15:56.424Z","v":0}
{"name":"hexo","hostname":"wangwei-txxy","pid":22680,"level":20,"msg":"Loading database.","time":"2020-04-01T07:15:56.450Z","v":0}
{"name":"hexo","hostname":"wangwei-txxy","pid":22680,"level":30,"msg":"Start processing","time":"2020-04-01T07:15:56.611Z","v":0}
{"name":"hexo","hostname":"wangwei-txxy","pid":22680,"level":20,"msg":"Processed: 404.md","time":"2020-04-01T07:15:56.671Z","v":0}
{"name":"hexo","hostname":"wangwei-txxy","pid":22680,"level":20,"msg":"Processed: CNAME","time":"2020-04-01T07:15:56.672Z","v":0}
{"name":"hexo","hostname":"wangwei-txxy","pid":22680,"level":20,"msg":"Processed: _posts/Alertmanger中邮箱配置.md","time":"2020-04-01T07:15:56.714Z","v":0}
{"name":"hexo","hostname":"wangwei-txxy","pid":22680,"level":20,"msg":"Processed: _posts/CFSSL使用方法重新整理说明.md","time":"2020-04-01T07:15:56.714Z","v":0}
{"name":"hexo","hostname":"wangwei-txxy","pid":22680,"level":20,"msg":"Processed: _posts/CKA考试总结.md","time":"2020-04-01T07:15:56.714Z","v":0}
{"name":"hexo","hostname":"wangwei-txxy","pid":22680,"level":20,"msg":"Processed: _posts/Prometheus系统下vmware-exporter配置.md","time":"2020-04-01T07:15:56.714Z","v":0}
{"name":"hexo","hostname":"wangwei-txxy","pid":22680,"level":20,"msg":"Processed: _posts/Prometheus配置钉钉告警.md","time":"2020-04-01T07:15:56.714Z","v":0}
{"name":"hexo","hostname":"wangwei-txxy","pid":22680,"level":20,"msg":"Processed: _posts/Python多页签自动化登录.md","time":"2020-04-01T07:15:56.714Z","v":0}
{"name":"hexo","hostname":"wangwei-txxy","pid":22680,"level":20,"msg":"Processed: _posts/hello-hexo.md","time":"2020-04-01T07:15:56.724Z","v":0}
{"name":"hexo","hostname":"wangwei-txxy","pid":22680,"level":20,"msg":"Processed: _posts/kubernetes-v1-14-3-HA集群安装.md","time":"2020-04-01T07:15:56.724Z","v":0}
{"name":"hexo","hostname":"wangwei-txxy","pid":22680,"level":20,"msg":"Processed: _posts/基于Go博客wblog的理解和修改.md","time":"2020-04-01T07:15:56.724Z","v":0}
{"name":"hexo","hostname":"wangwei-txxy","pid":22680,"level":20,"msg":"Processed: _posts/搭建办公环境ElasticSearch日志分析系统.md","time":"2020-04-01T07:15:56.724Z","v":0}
{"name":"hexo","hostname":"wangwei-txxy","pid":22680,"level":20,"msg":"Processed: _posts/记openvpn客户端安装遇到问题.md","time":"2020-04-01T07:15:56.724Z","v":0}
{"name":"hexo","hostname":"wangwei-txxy","pid":22680,"level":20,"msg":"Processed: _posts/通过docker搭建openvpn.md","time":"2020-04-01T07:15:56.724Z","v":0}
{"name":"hexo","hostname":"wangwei-txxy","pid":22680,"level":20,"msg":"Processed: about/index.md","time":"2020-04-01T07:15:56.724Z","v":0}
{"name":"hexo","hostname":"wangwei-txxy","pid":22680,"level":20,"msg":"Processed: archive/index.md","time":"2020-04-01T07:15:56.724Z","v":0}
{"name":"hexo","hostname":"wangwei-txxy","pid":22680,"level":20,"msg":"Processed: tags/index.md","time":"2020-04-01T07:15:56.733Z","v":0}
{"name":"hexo","hostname":"wangwei-txxy","pid":22680,"level":20,"msg":"Processed: _posts/kubernetest-master-节点恢复灾备恢复操作指南.md","time":"2020-04-01T07:15:56.733Z","v":0}
{"name":"hexo","hostname":"wangwei-txxy","pid":22680,"level":20,"msg":"Processed: img/icon_wechat.png","time":"2020-04-01T07:15:56.733Z","v":0}
{"name":"hexo","hostname":"wangwei-txxy","pid":22680,"level":20,"msg":"Theme config loaded.","time":"2020-04-01T07:15:56.751Z","v":0}
{"name":"hexo","hostname":"wangwei-txxy","pid":22680,"level":20,"msg":"Processed: _config.yml","time":"2020-04-01T07:15:56.758Z","v":0}
{"name":"hexo","hostname":"wangwei-txxy","pid":22680,"level":20,"msg":"Processed: img/article/tag.png","time":"2020-04-01T07:15:56.759Z","v":0}
{"name":"hexo","hostname":"wangwei-txxy","pid":22680,"level":20,"msg":"Processed: img/avatar/docker.jpg","time":"2020-04-01T07:15:56.759Z","v":0}
{"name":"hexo","hostname":"wangwei-txxy","pid":22680,"level":20,"msg":"Processed: source/css/archive.styl","time":"2020-04-01T07:15:56.759Z","v":0}
{"name":"hexo","hostname":"wangwei-txxy","pid":22680,"level":20,"msg":"Processed: source/css/beantech.css","time":"2020-04-01T07:15:56.759Z","v":0}
{"name":"hexo","hostname":"wangwei-txxy","pid":22680,"level":20,"msg":"Processed: source/css/beantech.min.css","time":"2020-04-01T07:15:56.760Z","v":0}
{"name":"hexo","hostname":"wangwei-txxy","pid":22680,"level":20,"msg":"Processed: source/css/donate.css","time":"2020-04-01T07:15:56.760Z","v":0}
{"name":"hexo","hostname":"wangwei-txxy","pid":22680,"level":20,"msg":"Processed: source/css/highlight.styl","time":"2020-04-01T07:15:56.760Z","v":0}
{"name":"hexo","hostname":"wangwei-txxy","pid":22680,"level":20,"msg":"Processed: source/css/hux-blog.min.css","time":"2020-04-01T07:15:56.760Z","v":0}
{"name":"hexo","hostname":"wangwei-txxy","pid":22680,"level":20,"msg":"Processed: source/css/rocket.styl","time":"2020-04-01T07:15:56.761Z","v":0}
{"name":"hexo","hostname":"wangwei-txxy","pid":22680,"level":20,"msg":"Processed: source/css/signature.styl","time":"2020-04-01T07:15:56.761Z","v":0}
{"name":"hexo","hostname":"wangwei-txxy","pid":22680,"level":20,"msg":"Processed: source/css/toc.styl","time":"2020-04-01T07:15:56.761Z","v":0}
{"name":"hexo","hostname":"wangwei-txxy","pid":22680,"level":20,"msg":"Processed: source/css/widget.styl","time":"2020-04-01T07:15:56.761Z","v":0}
{"name":"hexo","hostname":"wangwei-txxy","pid":22680,"level":20,"msg":"Processed: source/fonts/glyphicons-halflings-regular.eot","time":"2020-04-01T07:15:56.762Z","v":0}
{"name":"hexo","hostname":"wangwei-txxy","pid":22680,"level":20,"msg":"Processed: source/fonts/glyphicons-halflings-regular.ttf","time":"2020-04-01T07:15:56.762Z","v":0}
{"name":"hexo","hostname":"wangwei-txxy","pid":22680,"level":20,"msg":"Processed: source/fonts/glyphicons-halflings-regular.woff","time":"2020-04-01T07:15:56.762Z","v":0}
{"name":"hexo","hostname":"wangwei-txxy","pid":22680,"level":20,"msg":"Processed: source/fonts/glyphicons-halflings-regular.woff2","time":"2020-04-01T07:15:56.762Z","v":0}
{"name":"hexo","hostname":"wangwei-txxy","pid":22680,"level":20,"msg":"Processed: source/js/bootstrap.min.js","time":"2020-04-01T07:15:56.762Z","v":0}
{"name":"hexo","hostname":"wangwei-txxy","pid":22680,"level":20,"msg":"Processed: source/js/hux-blog.js","time":"2020-04-01T07:15:56.763Z","v":0}
{"name":"hexo","hostname":"wangwei-txxy","pid":22680,"level":20,"msg":"Processed: source/js/hux-blog.min.js","time":"2020-04-01T07:15:56.763Z","v":0}
{"name":"hexo","hostname":"wangwei-txxy","pid":22680,"level":20,"msg":"Processed: source/js/jquery.nav.js","time":"2020-04-01T07:15:56.763Z","v":0}
{"name":"hexo","hostname":"wangwei-txxy","pid":22680,"level":20,"msg":"Processed: source/js/jquery.tagcloud.js","time":"2020-04-01T07:15:56.763Z","v":0}
{"name":"hexo","hostname":"wangwei-txxy","pid":22680,"level":20,"msg":"Processed: source/js/toc.js","time":"2020-04-01T07:15:56.763Z","v":0}
{"name":"hexo","hostname":"wangwei-txxy","pid":22680,"level":20,"msg":"Processed: source/js/totop.js","time":"2020-04-01T07:15:56.764Z","v":0}
{"name":"hexo","hostname":"wangwei-txxy","pid":22680,"level":20,"msg":"Processed: img/header_img/about.jpg","time":"2020-04-01T07:15:56.773Z","v":0}
{"name":"hexo","hostname":"wangwei-txxy","pid":22680,"level":20,"msg":"Processed: source/css/bootstrap.min.css","time":"2020-04-01T07:15:56.773Z","v":0}
{"name":"hexo","hostname":"wangwei-txxy","pid":22680,"level":20,"msg":"Processed: source/fonts/glyphicons-halflings-regular.svg","time":"2020-04-01T07:15:56.774Z","v":0}
{"name":"hexo","hostname":"wangwei-txxy","pid":22680,"level":20,"msg":"Processed: source/js/bootstrap.js","time":"2020-04-01T07:15:56.774Z","v":0}
{"name":"hexo","hostname":"wangwei-txxy","pid":22680,"level":20,"msg":"Processed: source/js/jquery.min.js","time":"2020-04-01T07:15:56.774Z","v":0}
{"name":"hexo","hostname":"wangwei-txxy","pid":22680,"level":20,"msg":"Processed: layout/404.ejs","time":"2020-04-01T07:15:56.797Z","v":0}
{"name":"hexo","hostname":"wangwei-txxy","pid":22680,"level":20,"msg":"Processed: layout/about.ejs","time":"2020-04-01T07:15:56.797Z","v":0}
{"name":"hexo","hostname":"wangwei-txxy","pid":22680,"level":20,"msg":"Processed: layout/archive.ejs","time":"2020-04-01T07:15:56.797Z","v":0}
{"name":"hexo","hostname":"wangwei-txxy","pid":22680,"level":20,"msg":"Processed: layout/index.ejs","time":"2020-04-01T07:15:56.797Z","v":0}
{"name":"hexo","hostname":"wangwei-txxy","pid":22680,"level":20,"msg":"Processed: layout/keynote.ejs","time":"2020-04-01T07:15:56.797Z","v":0}
{"name":"hexo","hostname":"wangwei-txxy","pid":22680,"level":20,"msg":"Processed: layout/layout.ejs","time":"2020-04-01T07:15:56.797Z","v":0}
{"name":"hexo","hostname":"wangwei-txxy","pid":22680,"level":20,"msg":"Processed: layout/page.ejs","time":"2020-04-01T07:15:56.798Z","v":0}
{"name":"hexo","hostname":"wangwei-txxy","pid":22680,"level":20,"msg":"Processed: layout/post.ejs","time":"2020-04-01T07:15:56.798Z","v":0}
{"name":"hexo","hostname":"wangwei-txxy","pid":22680,"level":20,"msg":"Processed: layout/tags.ejs","time":"2020-04-01T07:15:56.798Z","v":0}
{"name":"hexo","hostname":"wangwei-txxy","pid":22680,"level":50,"err":{"message":"can not read a block mapping entry; a multiline key may not be an implicit key at line 16, column 1:\n    \n    ^","name":"YAMLException","stack":"YAMLException: can not read a block mapping entry; a multiline key may not be an implicit key at line 16, column 1:\n    \n    ^\n    at generateError (G:\\vavikast.github.io\\node_modules\\js-yaml\\lib\\js-yaml\\loader.js:165:10)\n    at throwError (G:\\vavikast.github.io\\node_modules\\js-yaml\\lib\\js-yaml\\loader.js:171:9)\n    at readBlockMapping (G:\\vavikast.github.io\\node_modules\\js-yaml\\lib\\js-yaml\\loader.js:1046:9)\n    at composeNode (G:\\vavikast.github.io\\node_modules\\js-yaml\\lib\\js-yaml\\loader.js:1332:12)\n    at readDocument (G:\\vavikast.github.io\\node_modules\\js-yaml\\lib\\js-yaml\\loader.js:1492:3)\n    at loadDocuments (G:\\vavikast.github.io\\node_modules\\js-yaml\\lib\\js-yaml\\loader.js:1548:5)\n    at Object.load (G:\\vavikast.github.io\\node_modules\\js-yaml\\lib\\js-yaml\\loader.js:1569:19)\n    at parseYAML (G:\\vavikast.github.io\\node_modules\\hexo-front-matter\\lib\\front_matter.js:80:21)\n    at parse (G:\\vavikast.github.io\\node_modules\\hexo-front-matter\\lib\\front_matter.js:56:12)\n    at G:\\vavikast.github.io\\node_modules\\hexo\\lib\\plugins\\processor\\post.js:52:18\n    at tryCatcher (G:\\vavikast.github.io\\node_modules\\bluebird\\js\\release\\util.js:16:23)\n    at Promise._settlePromiseFromHandler (G:\\vavikast.github.io\\node_modules\\bluebird\\js\\release\\promise.js:509:35)\n    at Promise._settlePromise (G:\\vavikast.github.io\\node_modules\\bluebird\\js\\release\\promise.js:569:18)\n    at Promise._settlePromise0 (G:\\vavikast.github.io\\node_modules\\bluebird\\js\\release\\promise.js:614:10)\n    at Promise._settlePromises (G:\\vavikast.github.io\\node_modules\\bluebird\\js\\release\\promise.js:693:18)\n    at Promise._fulfill (G:\\vavikast.github.io\\node_modules\\bluebird\\js\\release\\promise.js:638:18)\n    at PromiseArray._resolve (G:\\vavikast.github.io\\node_modules\\bluebird\\js\\release\\promise_array.js:126:19)\n    at PromiseArray._promiseFulfilled (G:\\vavikast.github.io\\node_modules\\bluebird\\js\\release\\promise_array.js:144:14)\n    at PromiseArray._iterate (G:\\vavikast.github.io\\node_modules\\bluebird\\js\\release\\promise_array.js:114:31)\n    at PromiseArray.init [as _init] (G:\\vavikast.github.io\\node_modules\\bluebird\\js\\release\\promise_array.js:78:10)\n    at Promise._settlePromise (G:\\vavikast.github.io\\node_modules\\bluebird\\js\\release\\promise.js:566:21)\n    at Promise._settlePromise0 (G:\\vavikast.github.io\\node_modules\\bluebird\\js\\release\\promise.js:614:10)"},"msg":"Process failed: _posts/K8S-Helm-部署-ELK-7-6.md","time":"2020-04-01T07:15:56.798Z","v":0}
{"name":"hexo","hostname":"wangwei-txxy","pid":22680,"level":20,"msg":"Processed: source/css/bootstrap.css","time":"2020-04-01T07:15:56.799Z","v":0}
{"name":"hexo","hostname":"wangwei-txxy","pid":22680,"level":20,"msg":"Processed: source/css/images/ironman.png","time":"2020-04-01T07:15:56.799Z","v":0}
{"name":"hexo","hostname":"wangwei-txxy","pid":22680,"level":20,"msg":"Processed: source/css/images/rocket.png","time":"2020-04-01T07:15:56.800Z","v":0}
{"name":"hexo","hostname":"wangwei-txxy","pid":22680,"level":20,"msg":"Processed: img/signature/BeanTechSign-white.png","time":"2020-04-01T07:15:56.806Z","v":0}
{"name":"hexo","hostname":"wangwei-txxy","pid":22680,"level":20,"msg":"Processed: img/header_img/archive.jpg","time":"2020-04-01T07:15:56.806Z","v":0}
{"name":"hexo","hostname":"wangwei-txxy","pid":22680,"level":20,"msg":"Processed: source/js/jquery.js","time":"2020-04-01T07:15:56.806Z","v":0}
{"name":"hexo","hostname":"wangwei-txxy","pid":22680,"level":20,"msg":"Processed: layout/_partial/footer.ejs","time":"2020-04-01T07:15:56.814Z","v":0}
{"name":"hexo","hostname":"wangwei-txxy","pid":22680,"level":20,"msg":"Processed: layout/_partial/header.ejs","time":"2020-04-01T07:15:56.814Z","v":0}
{"name":"hexo","hostname":"wangwei-txxy","pid":22680,"level":20,"msg":"Processed: layout/_partial/nav.ejs","time":"2020-04-01T07:15:56.815Z","v":0}
{"name":"hexo","hostname":"wangwei-txxy","pid":22680,"level":20,"msg":"Processed: layout/_partial/pagination.ejs","time":"2020-04-01T07:15:56.815Z","v":0}
{"name":"hexo","hostname":"wangwei-txxy","pid":22680,"level":20,"msg":"Processed: layout/_partial/sidebar.ejs","time":"2020-04-01T07:15:56.815Z","v":0}
{"name":"hexo","hostname":"wangwei-txxy","pid":22680,"level":20,"msg":"Processed: layout/_partial/toc.ejs","time":"2020-04-01T07:15:56.815Z","v":0}
{"name":"hexo","hostname":"wangwei-txxy","pid":22680,"level":20,"msg":"Processed: layout/_widget/archive.ejs","time":"2020-04-01T07:15:56.815Z","v":0}
{"name":"hexo","hostname":"wangwei-txxy","pid":22680,"level":20,"msg":"Processed: layout/_widget/category.ejs","time":"2020-04-01T07:15:56.815Z","v":0}
{"name":"hexo","hostname":"wangwei-txxy","pid":22680,"level":20,"msg":"Processed: layout/_widget/featured-tags.ejs","time":"2020-04-01T07:15:56.815Z","v":0}
{"name":"hexo","hostname":"wangwei-txxy","pid":22680,"level":20,"msg":"Processed: layout/_widget/friends-blog.ejs","time":"2020-04-01T07:15:56.816Z","v":0}
{"name":"hexo","hostname":"wangwei-txxy","pid":22680,"level":20,"msg":"Processed: layout/_widget/recent-posts.ejs","time":"2020-04-01T07:15:56.816Z","v":0}
{"name":"hexo","hostname":"wangwei-txxy","pid":22680,"level":20,"msg":"Processed: layout/_widget/short-about.ejs","time":"2020-04-01T07:15:56.816Z","v":0}
{"name":"hexo","hostname":"wangwei-txxy","pid":22680,"level":20,"msg":"Processed: layout/_partial/head.ejs","time":"2020-04-01T07:15:56.816Z","v":0}
{"name":"hexo","hostname":"wangwei-txxy","pid":22680,"level":20,"msg":"Processed: img/avatar/ironman.png","time":"2020-04-01T07:15:56.817Z","v":0}
{"name":"hexo","hostname":"wangwei-txxy","pid":22680,"level":20,"msg":"Processed: img/header_img/archives-widget.jpg","time":"2020-04-01T07:15:56.818Z","v":0}
{"name":"hexo","hostname":"wangwei-txxy","pid":22680,"level":20,"msg":"Processed: img/signature/BeanTechSign-black.png","time":"2020-04-01T07:15:56.822Z","v":0}
{"name":"hexo","hostname":"wangwei-txxy","pid":22680,"level":20,"msg":"Processed: img/article_header/article_bg.jpg","time":"2020-04-01T07:15:56.873Z","v":0}
{"name":"hexo","hostname":"wangwei-txxy","pid":22680,"level":20,"msg":"Processed: img/article/huweihuang_blog.png","time":"2020-04-01T07:15:56.883Z","v":0}
{"name":"hexo","hostname":"wangwei-txxy","pid":22680,"level":20,"msg":"Processed: img/blog.jpg","time":"2020-04-01T07:15:56.886Z","v":0}
{"name":"hexo","hostname":"wangwei-txxy","pid":22680,"level":20,"msg":"Processed: img/header_img/home.jpg","time":"2020-04-01T07:15:56.888Z","v":0}
{"name":"hexo","hostname":"wangwei-txxy","pid":22680,"level":20,"msg":"Processed: img/header_img/tag.png","time":"2020-04-01T07:15:56.917Z","v":0}
{"name":"hexo","hostname":"wangwei-txxy","pid":22680,"level":20,"msg":"Processed: img/article_header/article_header.png","time":"2020-04-01T07:15:56.933Z","v":0}
{"name":"hexo","hostname":"wangwei-txxy","pid":22680,"level":20,"msg":"Processed: _posts/hexo-theme-huweihuang/Demo.png","time":"2020-04-01T07:15:56.953Z","v":0}
{"name":"hexo","hostname":"wangwei-txxy","pid":22680,"level":20,"msg":"Processed: img/header_img/home-bg-o.png","time":"2020-04-01T07:15:56.992Z","v":0}
{"name":"hexo","hostname":"wangwei-txxy","pid":22680,"level":20,"msg":"Processed: img/header_img/home2.png","time":"2020-04-01T07:15:56.993Z","v":0}
{"name":"hexo","hostname":"wangwei-txxy","pid":22680,"level":20,"msg":"Processed: img/header_img/404.png","time":"2020-04-01T07:15:57.000Z","v":0}
{"name":"hexo","hostname":"wangwei-txxy","pid":22680,"level":20,"msg":"Generator: page","time":"2020-04-01T07:15:57.156Z","v":0}
{"name":"hexo","hostname":"wangwei-txxy","pid":22680,"level":20,"msg":"Generator: post","time":"2020-04-01T07:15:57.156Z","v":0}
{"name":"hexo","hostname":"wangwei-txxy","pid":22680,"level":20,"msg":"Generator: archive","time":"2020-04-01T07:15:57.156Z","v":0}
{"name":"hexo","hostname":"wangwei-txxy","pid":22680,"level":20,"msg":"Generator: category","time":"2020-04-01T07:15:57.156Z","v":0}
{"name":"hexo","hostname":"wangwei-txxy","pid":22680,"level":20,"msg":"Generator: index","time":"2020-04-01T07:15:57.157Z","v":0}
{"name":"hexo","hostname":"wangwei-txxy","pid":22680,"level":20,"msg":"Generator: tag","time":"2020-04-01T07:15:57.157Z","v":0}
{"name":"hexo","hostname":"wangwei-txxy","pid":22680,"level":20,"msg":"Generator: asset","time":"2020-04-01T07:15:57.162Z","v":0}
{"name":"hexo","hostname":"wangwei-txxy","pid":22680,"level":20,"msg":"Generator: sitemap","time":"2020-04-01T07:15:57.171Z","v":0}
{"name":"hexo","hostname":"wangwei-txxy","pid":22680,"level":30,"msg":"Hexo is running at http://localhost:8888/. Press Ctrl+C to stop.","time":"2020-04-01T07:15:57.183Z","v":0}
{"name":"hexo","hostname":"wangwei-txxy","pid":22680,"level":20,"msg":"Database saved","time":"2020-04-01T07:15:57.199Z","v":0}
{"name":"hexo","hostname":"wangwei-txxy","pid":22680,"level":20,"msg":"Rendering index: index.html","time":"2020-04-01T07:16:02.722Z","v":0}
{"name":"hexo","hostname":"wangwei-txxy","pid":22680,"level":30,"msg":"Bye!","time":"2020-04-01T07:18:19.305Z","v":0}
{"name":"hexo","hostname":"wangwei-txxy","pid":22680,"level":20,"msg":"Database saved","time":"2020-04-01T07:18:19.350Z","v":0}
